<?xml version="1.0" encoding="UTF-8"?>
<!-- Generated by org.testng.reporters.JUnitReportReporter -->
<testsuite hostname="DESKTOP-4M057Q5" failures="0" tests="1" name="com.hrms.testscripts.TC001" time="40.329" errors="0" timestamp="9 Nov 2022 04:11:59 GMT">
  <testcase classname="com.hrms.testscripts.TC001" name="login" time="40.329"/>
</testsuite> <!-- com.hrms.testscripts.TC001 -->
